<?xml version="1.0" encoding="UTF-8"?>
<testng-results skipped="0" failed="0" ignored="0" total="1" passed="1">
  <reporter-output>
  </reporter-output>
  <suite name="Suite" duration-ms="26" started-at="2022-07-23T14:06:38 IST" finished-at="2022-07-23T14:06:38 IST">
    <groups>
    </groups>
    <test name="Test" duration-ms="26" started-at="2022-07-23T14:06:38 IST" finished-at="2022-07-23T14:06:38 IST">
      <class name="com.maven.practice.Practice3Test">
        <test-method status="PASS" signature="method3()[pri:0, instance:com.maven.practice.Practice3Test@528931cf]" name="method3" duration-ms="3" started-at="2022-07-23T14:06:38 IST" finished-at="2022-07-23T14:06:38 IST">
          <reporter-output>
          </reporter-output>
        </test-method> <!-- method3 -->
      </class> <!-- com.maven.practice.Practice3Test -->
    </test> <!-- Test -->
  </suite> <!-- Suite -->
</testng-results>
